


ARM Macro Assembler    Page 1 


    1 00000000                 AREA             RESET,DATA,READONLY
    2 00000000                 EXPORT           __Vectors
    3 00000000         __Vectors
    4 00000000 10000000        DCD              0X10000000
    5 00000004 00000000        DCD              Reset_Handler
    6 00000008                 ALIGN
    7 00000008                 AREA             mycode,CODE,READONLY
    8 00000000                 ENTRY
    9 00000000                 EXPORT           Reset_Handler
   10 00000000         
   11 00000000         Reset_Handler
   12 00000000 480A            LDR              R0,=SRC1
   13 00000002 490B            LDR              R1,=DST
   14 00000004 F04F 0208       MOV              R2,#8
   15 00000008 6803            LDR              R3,[R0]
   16 0000000A F003 040F 
                       UP      AND              R4,R3,#0X0F
   17 0000000E 2C0A            CMP              R4,#0X0A
   18 00000010 BF28 3407       ADDCS            R4,#0X07    ; If R4 >= 0x0A, ad
                                                            d 0x37 (for A-F)
   19 00000014 F104 0430       ADD              R4,#0X30    ; If R4 < 0x0A, add
                                                             0x30 (for 0-9)
   20 00000018 F801 4B01       STRB             R4,[R1],#1
   21 0000001C EA4F 1313       LSR              R3,#4
   22 00000020 3A01            SUBS             R2,#1
   23 00000022 D1F2            BNE              UP
   24 00000024         
   25 00000024         
   26 00000024         
   27 00000024         
   28 00000024         
   29 00000024         
   30 00000024         
   31 00000024         
   33 00000024 E7FE    STOP    B                STOP
   34 00000026 00 00 ABCD4321 
                       SRC1    DCD              0XABCD4321
   35 0000002C 00000000 
              00000000         AREA             data,DATA,READWRITE
   36 00000000 00000000 
                       DST     DCD              0
   37 00000004                 END
Command Line: --debug --xref --cpu=Cortex-M3 --apcs=interwork --depend=hextoasc
ii.d -ohextoascii.o -IC:\Keil\ARM\RV31\INC -IC:\Keil\ARM\CMSIS\Include -IC:\Kei
l\ARM\Inc\NXP\LPC17xx --predefine="__EVAL SETA 1" --list=hextoascii.lst hextoas
cii.s



ARM Macro Assembler    Page 1 Alphabetic symbol ordering
Relocatable symbols

RESET 00000000

Symbol: RESET
   Definitions
      At line 1 in file hextoascii.s
   Uses
      None
Comment: RESET unused
__Vectors 00000000

Symbol: __Vectors
   Definitions
      At line 3 in file hextoascii.s
   Uses
      At line 2 in file hextoascii.s
Comment: __Vectors used once
2 symbols



ARM Macro Assembler    Page 1 Alphabetic symbol ordering
Relocatable symbols

Reset_Handler 00000000

Symbol: Reset_Handler
   Definitions
      At line 11 in file hextoascii.s
   Uses
      At line 5 in file hextoascii.s
      At line 9 in file hextoascii.s

SRC1 00000028

Symbol: SRC1
   Definitions
      At line 34 in file hextoascii.s
   Uses
      At line 12 in file hextoascii.s
Comment: SRC1 used once
STOP 00000024

Symbol: STOP
   Definitions
      At line 33 in file hextoascii.s
   Uses
      At line 33 in file hextoascii.s
Comment: STOP used once
UP 0000000A

Symbol: UP
   Definitions
      At line 16 in file hextoascii.s
   Uses
      At line 23 in file hextoascii.s
Comment: UP used once
mycode 00000000

Symbol: mycode
   Definitions
      At line 7 in file hextoascii.s
   Uses
      None
Comment: mycode unused
5 symbols



ARM Macro Assembler    Page 1 Alphabetic symbol ordering
Relocatable symbols

DST 00000000

Symbol: DST
   Definitions
      At line 36 in file hextoascii.s
   Uses
      At line 13 in file hextoascii.s
Comment: DST used once
data 00000000

Symbol: data
   Definitions
      At line 35 in file hextoascii.s
   Uses
      None
Comment: data unused
2 symbols
342 symbols in table
