


ARM Macro Assembler    Page 1 


    1 00000000                 AREA             RESET,DATA,READONLY
    2 00000000                 EXPORT           __Vectors
    3 00000000         __Vectors
    4 00000000 10000000        DCD              0X10000000
    5 00000004 00000000        DCD              Reset_Handler
    6 00000008                 ALIGN
    7 00000008                 AREA             mycode,CODE,READONLY
    8 00000000                 ENTRY
    9 00000000                 EXPORT           Reset_Handler
   10 00000000         
   11 00000000         Reset_Handler
   12 00000000 F04F 0101       MOV              R1,#0X01
   13 00000004 F04F 0B0A       MOV              R11,#0X0A
   14 00000008 4809            LDR              R0,=SRC1
   15 0000000A 6802            LDR              R2,[R0]
   16 0000000C 4F09            LDR              R7,=DST
   17 0000000E         
   18 0000000E         UP
   19 0000000E F002 030F       AND              R3,R2,#0X0F
   20 00000012 EA4F 1212       LSR              R2,#4
   21 00000016 FB03 F301       MUL              R3,R1
   22 0000001A FB01 F10B       MUL              R1,R11
   23 0000001E 4499            ADD              R9,R3
   24 00000020 2A00            CMP              R2,#0
   25 00000022 D1F4            BNE              UP
   26 00000024 F8C7 9000       STR              R9,[R7]
   27 00000028         STOP
   28 00000028 E7FE            B                STOP
   29 0000002A 00 00 00057005 
                       SRC1    DCD              0X0057005
   30 00000030 00000000 
              00000000         AREA             data,DATA,READWRITE
   31 00000000 00000000 
                       DST     DCD              0
   32 00000004                 END
Command Line: --debug --xref --cpu=Cortex-M3 --apcs=interwork --depend=decimalt
ohex.d -odecimaltohex.o -IC:\Keil\ARM\RV31\INC -IC:\Keil\ARM\CMSIS\Include -IC:
\Keil\ARM\Inc\NXP\LPC17xx --predefine="__EVAL SETA 1" --list=decimaltohex.lst d
ecimaltohex.s



ARM Macro Assembler    Page 1 Alphabetic symbol ordering
Relocatable symbols

RESET 00000000

Symbol: RESET
   Definitions
      At line 1 in file decimaltohex.s
   Uses
      None
Comment: RESET unused
__Vectors 00000000

Symbol: __Vectors
   Definitions
      At line 3 in file decimaltohex.s
   Uses
      At line 2 in file decimaltohex.s
Comment: __Vectors used once
2 symbols



ARM Macro Assembler    Page 1 Alphabetic symbol ordering
Relocatable symbols

Reset_Handler 00000000

Symbol: Reset_Handler
   Definitions
      At line 11 in file decimaltohex.s
   Uses
      At line 5 in file decimaltohex.s
      At line 9 in file decimaltohex.s

SRC1 0000002C

Symbol: SRC1
   Definitions
      At line 29 in file decimaltohex.s
   Uses
      At line 14 in file decimaltohex.s
Comment: SRC1 used once
STOP 00000028

Symbol: STOP
   Definitions
      At line 27 in file decimaltohex.s
   Uses
      At line 28 in file decimaltohex.s
Comment: STOP used once
UP 0000000E

Symbol: UP
   Definitions
      At line 18 in file decimaltohex.s
   Uses
      At line 25 in file decimaltohex.s
Comment: UP used once
mycode 00000000

Symbol: mycode
   Definitions
      At line 7 in file decimaltohex.s
   Uses
      None
Comment: mycode unused
5 symbols



ARM Macro Assembler    Page 1 Alphabetic symbol ordering
Relocatable symbols

DST 00000000

Symbol: DST
   Definitions
      At line 31 in file decimaltohex.s
   Uses
      At line 16 in file decimaltohex.s
Comment: DST used once
data 00000000

Symbol: data
   Definitions
      At line 30 in file decimaltohex.s
   Uses
      None
Comment: data unused
2 symbols
342 symbols in table
