


ARM Macro Assembler    Page 1 


    1 00000000                 AREA             RESET,DATA,READONLY
    2 00000000                 EXPORT           __Vectors
    3 00000000         __Vectors
    4 00000000 10001000        DCD              0X10001000
    5 00000004 00000000        DCD              Reset_Handler
    6 00000008                 ALIGN
    7 00000008                 AREA             mycode,CODE,READONLY
    8 00000000                 ENTRY
    9 00000000                 EXPORT           Reset_Handler
   10 00000000         Reset_Handler
   11 00000000 F8DF A034       LDR              R10,=SRC
   12 00000004 F8DA 1000       LDR              R1,[R10]
   13 00000008 2900    UP2     CMP              R1,#0
   14 0000000A D00F            BEQ              EXIT2
   15 0000000C F04F 0300       MOV              R3,#0
   16 00000010 290A    UP1     CMP              R1,#0XA
   17 00000012 D304            BLO              EXIT1
   18 00000014 F1A1 010A       SUB              R1,#0XA
   19 00000018 F103 0301       ADD              R3,#1
   20 0000001C E7F8            B                UP1
   21 0000001E FA01 F102 
                       EXIT1   LSL              R1,R2
   22 00000022 4408            ADD              R0,R1
   23 00000024 F102 0204       ADD              R2,#4
   24 00000028 4619            MOV              R1,R3
   25 0000002A E7ED            B                UP2
   26 0000002C 4C03    EXIT2   LDR              R4,=DST
   27 0000002E 6020            STR              R0,[R4]
   28 00000030 E7FE    STOP    B                STOP
   29 00000032 00 00 0000000C 
                       SRC     DCD              0XC
   30 00000038 00000000 
              00000000         AREA             mydata,DATA,READWRITE
   31 00000000 00000000 
                       DST     DCD              0
   32 00000004                 END
Command Line: --debug --xref --cpu=Cortex-M3 --apcs=interwork --depend=hextobcd
.d -ohextobcd.o -IC:\Keil\ARM\RV31\INC -IC:\Keil\ARM\CMSIS\Include -IC:\Keil\AR
M\Inc\NXP\LPC17xx --predefine="__EVAL SETA 1" --list=hextobcd.lst hextobcd.s



ARM Macro Assembler    Page 1 Alphabetic symbol ordering
Relocatable symbols

RESET 00000000

Symbol: RESET
   Definitions
      At line 1 in file hextobcd.s
   Uses
      None
Comment: RESET unused
__Vectors 00000000

Symbol: __Vectors
   Definitions
      At line 3 in file hextobcd.s
   Uses
      At line 2 in file hextobcd.s
Comment: __Vectors used once
2 symbols



ARM Macro Assembler    Page 1 Alphabetic symbol ordering
Relocatable symbols

EXIT1 0000001E

Symbol: EXIT1
   Definitions
      At line 21 in file hextobcd.s
   Uses
      At line 17 in file hextobcd.s
Comment: EXIT1 used once
EXIT2 0000002C

Symbol: EXIT2
   Definitions
      At line 26 in file hextobcd.s
   Uses
      At line 14 in file hextobcd.s
Comment: EXIT2 used once
Reset_Handler 00000000

Symbol: Reset_Handler
   Definitions
      At line 10 in file hextobcd.s
   Uses
      At line 5 in file hextobcd.s
      At line 9 in file hextobcd.s

SRC 00000034

Symbol: SRC
   Definitions
      At line 29 in file hextobcd.s
   Uses
      At line 11 in file hextobcd.s
Comment: SRC used once
STOP 00000030

Symbol: STOP
   Definitions
      At line 28 in file hextobcd.s
   Uses
      At line 28 in file hextobcd.s
Comment: STOP used once
UP1 00000010

Symbol: UP1
   Definitions
      At line 16 in file hextobcd.s
   Uses
      At line 20 in file hextobcd.s
Comment: UP1 used once
UP2 00000008

Symbol: UP2
   Definitions
      At line 13 in file hextobcd.s
   Uses
      At line 25 in file hextobcd.s
Comment: UP2 used once
mycode 00000000




ARM Macro Assembler    Page 2 Alphabetic symbol ordering
Relocatable symbols

Symbol: mycode
   Definitions
      At line 7 in file hextobcd.s
   Uses
      None
Comment: mycode unused
8 symbols



ARM Macro Assembler    Page 1 Alphabetic symbol ordering
Relocatable symbols

DST 00000000

Symbol: DST
   Definitions
      At line 31 in file hextobcd.s
   Uses
      At line 26 in file hextobcd.s
Comment: DST used once
mydata 00000000

Symbol: mydata
   Definitions
      At line 30 in file hextobcd.s
   Uses
      None
Comment: mydata unused
2 symbols
345 symbols in table
