


ARM Macro Assembler    Page 1 


    1 00000000                 AREA             RESET, DATA, READONLY
    2 00000000                 EXPORT           __Vectors
    3 00000000         __Vectors
    4 00000000 10000000        DCD              0x10000000
    5 00000004 00000000        DCD              Reset_Handler
    6 00000008                 ALIGN
    7 00000008                 AREA             mycode, CODE, READONLY
    8 00000000                 ENTRY
    9 00000000                 EXPORT           Reset_Handler
   10 00000000         
   11 00000000         Reset_Handler
   12 00000000 F04F 000A       MOV              R0, #0x0A   ; Set R0 with the d
                                                            ecimal value 10 (di
                                                            visor)
   13 00000004 F04F 0900       MOV              R9, #0      ; Clear R9 to accum
                                                            ulate the result
   14 00000008 F04F 0A01       MOV              R10, #1     ; Initialize R10 as
                                                             the multiplier (1,
                                                             10, 100, ...)
   15 0000000C 4910            LDR              R1, =SRC    ; Load the address 
                                                            of the source hex n
                                                            umber
   16 0000000E 4A11            LDR              R2, =DST    ; Load the address 
                                                            of the destination
   17 00000010 680B            LDR              R3, [R1]    ; Load the 8-digit 
                                                            hex number from SRC
                                                            
   18 00000012 F04F 0B0A       LDR              R11,=0X0A
   19 00000016         
   20 00000016         UP
   21 00000016 461C            MOV              R4, R3      ; Move R3 to R4 for
                                                             temporary storage
   22 00000018 F000 F80D       BL               DIV         ; Call the DIV subr
                                                            outine to divide R4
                                                             by 10
   23 0000001C FB05 F50A       MUL              R5, R5, R10 ; Multiply the rema
                                                            inder by the curren
                                                            t multiplier
   24 00000020 44A9            ADD              R9, R9, R5  ; Add the result to
                                                             R9
   25 00000022 F04F 0500       MOV              R5, #0      ; Clear R5 for the 
                                                            next remainder
   26 00000026 FB0A FA0B       MUL              R10, R10,R11 ; Increase the mul
                                                            tiplier (1, 10, 100
                                                            , ...)
   27 0000002A 4623            MOV              R3, R4      ; Move the updated 
                                                            value back to R3
   28 0000002C 2B00            CMP              R3, #0      ; Check if the rema
                                                            ining hex value is 
                                                            zero
   29 0000002E D1F2            BNE              UP          ; Repeat if there a
                                                            re still digits to 
                                                            process
   30 00000030         
   31 00000030 F8C2 9000       STR              R9, [R2]    ; Store the final d
                                                            ecimal result in DS
                                                            T
   32 00000034 E008            B                STOP        ; End the program
   33 00000036         



ARM Macro Assembler    Page 2 


   34 00000036         DIV
   35 00000036 F04F 0500       MOV              R5, #0      ; Clear R5 to hold 
                                                            the remainder
   36 0000003A         DIV_LOOP
   37 0000003A 4284            CMP              R4, R0      ; Compare R4 with t
                                                            he divisor (10)
   38 0000003C D303            BCC              DONE_DIV    ; If R4 < R0, divis
                                                            ion is complete
   39 0000003E 1A24            SUBS             R4, R4, R0  ; Subtract 10 from 
                                                            R4 if R4 >= 10
   40 00000040 F105 0501       ADD              R5, R5, #1  ; Increment R5 (rem
                                                            ainder)
   41 00000044 E7F9            B                DIV_LOOP    ; Repeat until R4 <
                                                             10
   42 00000046         
   43 00000046         DONE_DIV
   44 00000046 4770            BX               LR          ; Return from the s
                                                            ubroutine
   45 00000048         
   46 00000048         STOP
   47 00000048 E7FE            B                STOP        ; Infinite loop to 
                                                            stop execution
   48 0000004A         
   49 0000004A 00 00 000000CD 
                       SRC     DCD              0x000000CD  ; Example 8-digit h
                                                            exadecimal number
   50 00000050 00000000 
              00000000         AREA             data, DATA, READWRITE
   51 00000000 00000000 
                       DST     DCD              0           ; Reserve space for
                                                             the decimal result
                                                            
   52 00000004                 END
Command Line: --debug --xref --cpu=Cortex-M3 --apcs=interwork --depend=hextodec
imal.d -ohextodecimal.o -IC:\Keil\ARM\RV31\INC -IC:\Keil\ARM\CMSIS\Include -IC:
\Keil\ARM\Inc\NXP\LPC17xx --predefine="__EVAL SETA 1" --list=hextodecimal.lst h
extodecimal.s



ARM Macro Assembler    Page 1 Alphabetic symbol ordering
Relocatable symbols

RESET 00000000

Symbol: RESET
   Definitions
      At line 1 in file hextodecimal.s
   Uses
      None
Comment: RESET unused
__Vectors 00000000

Symbol: __Vectors
   Definitions
      At line 3 in file hextodecimal.s
   Uses
      At line 2 in file hextodecimal.s
Comment: __Vectors used once
2 symbols



ARM Macro Assembler    Page 1 Alphabetic symbol ordering
Relocatable symbols

DIV 00000036

Symbol: DIV
   Definitions
      At line 34 in file hextodecimal.s
   Uses
      At line 22 in file hextodecimal.s
Comment: DIV used once
DIV_LOOP 0000003A

Symbol: DIV_LOOP
   Definitions
      At line 36 in file hextodecimal.s
   Uses
      At line 41 in file hextodecimal.s
Comment: DIV_LOOP used once
DONE_DIV 00000046

Symbol: DONE_DIV
   Definitions
      At line 43 in file hextodecimal.s
   Uses
      At line 38 in file hextodecimal.s
Comment: DONE_DIV used once
Reset_Handler 00000000

Symbol: Reset_Handler
   Definitions
      At line 11 in file hextodecimal.s
   Uses
      At line 5 in file hextodecimal.s
      At line 9 in file hextodecimal.s

SRC 0000004C

Symbol: SRC
   Definitions
      At line 49 in file hextodecimal.s
   Uses
      At line 15 in file hextodecimal.s
Comment: SRC used once
STOP 00000048

Symbol: STOP
   Definitions
      At line 46 in file hextodecimal.s
   Uses
      At line 32 in file hextodecimal.s
      At line 47 in file hextodecimal.s

UP 00000016

Symbol: UP
   Definitions
      At line 20 in file hextodecimal.s
   Uses
      At line 29 in file hextodecimal.s
Comment: UP used once
mycode 00000000



ARM Macro Assembler    Page 2 Alphabetic symbol ordering
Relocatable symbols


Symbol: mycode
   Definitions
      At line 7 in file hextodecimal.s
   Uses
      None
Comment: mycode unused
8 symbols



ARM Macro Assembler    Page 1 Alphabetic symbol ordering
Relocatable symbols

DST 00000000

Symbol: DST
   Definitions
      At line 51 in file hextodecimal.s
   Uses
      At line 16 in file hextodecimal.s
Comment: DST used once
data 00000000

Symbol: data
   Definitions
      At line 50 in file hextodecimal.s
   Uses
      None
Comment: data unused
2 symbols
345 symbols in table
