


ARM Macro Assembler    Page 1 


    1 00000000                 AREA             RESET,DATA,READONLY
    2 00000000                 EXPORT           __Vectors
    3 00000000         __Vectors
    4 00000000 10000000        DCD              0X10000000
    5 00000004 00000000        DCD              Reset_Handler
    6 00000008                 ALIGN
    7 00000008                 AREA             mycode,CODE,READONLY
    8 00000000                 ENTRY
    9 00000000                 EXPORT           Reset_Handler
   10 00000000         
   11 00000000         Reset_Handler
   12 00000000 480F            LDR              R0,=SRC
   13 00000002 4910            LDR              R1,=DST
   14 00000004 F04F 020A       MOV              R2,#10
   15 00000008         UP
   16 00000008 F850 3B04       LDR              R3,[R0],#4
   17 0000000C F841 3B04       STR              R3,[R1],#4
   18 00000010 3A01            SUBS             R2,#1
   19 00000012 D1F9            BNE              UP
   20 00000014         
   21 00000014         
   22 00000014         
   23 00000014         
   24 00000014         
   25 00000014         
   26 00000014         
   27 00000014 E7FE    STOP    B                STOP
   28 00000016 00 00 11111111 
              22222222 
              33333333 
              44444444 
              55555555 
              66666666 
              77777777 
              88888888 
              99999999 
              AAAAAAAA SRC     DCD              0X11111111, 0X22222222, 0X33333
333, 0X44444444, 0X55555555, 0X66666666, 0X77777777, 0X88888888, 0X99999999, 0X
AAAAAAAA
   29 00000040 00000000 
              00000000         AREA             mydata, DATA, READWRITE
   30 00000000 00000000 
                       DST     DCD              0
   31 00000004         
   32 00000004                 END
Command Line: --debug --xref --cpu=Cortex-M3 --apcs=interwork --depend=nonoverl
ap.d -ononoverlap.o -IC:\Keil\ARM\RV31\INC -IC:\Keil\ARM\CMSIS\Include -IC:\Kei
l\ARM\Inc\NXP\LPC17xx --predefine="__EVAL SETA 1" --list=nonoverlap.lst nonover
lap.s



ARM Macro Assembler    Page 1 Alphabetic symbol ordering
Relocatable symbols

RESET 00000000

Symbol: RESET
   Definitions
      At line 1 in file nonoverlap.s
   Uses
      None
Comment: RESET unused
__Vectors 00000000

Symbol: __Vectors
   Definitions
      At line 3 in file nonoverlap.s
   Uses
      At line 2 in file nonoverlap.s
Comment: __Vectors used once
2 symbols



ARM Macro Assembler    Page 1 Alphabetic symbol ordering
Relocatable symbols

Reset_Handler 00000000

Symbol: Reset_Handler
   Definitions
      At line 11 in file nonoverlap.s
   Uses
      At line 5 in file nonoverlap.s
      At line 9 in file nonoverlap.s

SRC 00000018

Symbol: SRC
   Definitions
      At line 28 in file nonoverlap.s
   Uses
      At line 12 in file nonoverlap.s
Comment: SRC used once
STOP 00000014

Symbol: STOP
   Definitions
      At line 27 in file nonoverlap.s
   Uses
      At line 27 in file nonoverlap.s
Comment: STOP used once
UP 00000008

Symbol: UP
   Definitions
      At line 15 in file nonoverlap.s
   Uses
      At line 19 in file nonoverlap.s
Comment: UP used once
mycode 00000000

Symbol: mycode
   Definitions
      At line 7 in file nonoverlap.s
   Uses
      None
Comment: mycode unused
5 symbols



ARM Macro Assembler    Page 1 Alphabetic symbol ordering
Relocatable symbols

DST 00000000

Symbol: DST
   Definitions
      At line 30 in file nonoverlap.s
   Uses
      At line 13 in file nonoverlap.s
Comment: DST used once
mydata 00000000

Symbol: mydata
   Definitions
      At line 29 in file nonoverlap.s
   Uses
      None
Comment: mydata unused
2 symbols
342 symbols in table
