


ARM Macro Assembler    Page 1 


    1 00000000                 AREA             RESET,DATA,READONLY
    2 00000000                 EXPORT           __Vectors
    3 00000000         __Vectors
    4 00000000 10000000        DCD              0x10000000
    5 00000004 00000000        DCD              Reset_Handler
    6 00000008                 ALIGN
    7 00000008                 AREA             mycode,CODE,READONLY
    8 00000000                 ENTRY
    9 00000000                 EXPORT           Reset_Handler
   10 00000000         
   11 00000000         Reset_Handler
   12 00000000 480F            LDR              R0,=SRC
   13 00000002 4910            LDR              R1,=DST
   14 00000004 F04F 020A       MOV              R2,#10
   15 00000008         
   16 00000008         UP
   17 00000008 F850 3B04       LDR              R3,[R0],#4
   18 0000000C F841 3B04       STR              R3,[R1],#4
   19 00000010 1E52            SUBS             R2,R2,#1
   20 00000012 D1F9            BNE              UP
   21 00000014         STOP
   22 00000014 E7FE            B                STOP
   23 00000016         
   24 00000016         
   25 00000016 00 00 11111111 
              22222222 
              33333333 
              44444444 
              55555555 
              66666666 
              77777777 
              88888888 
              99999999 
              AAAAAAAA SRC     DCD              0X11111111,0X22222222,0X3333333
3,0X44444444,0X55555555,0X66666666,0X77777777,0X88888888,0X99999999,0XAAAAAAAA
   26 00000040 00000000 
              00000000         AREA             data,DATA,READWRITE
   27 00000000 00000000 
              00000000 
              00000000 
              00000000 
              00000000 
              00000000 
              00000000 
              00000000 
              00000000 
              00000000 DST     DCD              0,0,0,0,0,0,0,0,0,0
   28 00000028                 END
Command Line: --debug --xref --cpu=Cortex-M3 --apcs=interwork --depend=Q1.d -oQ
1.o -IC:\Keil\ARM\RV31\INC -IC:\Keil\ARM\CMSIS\Include -IC:\Keil\ARM\Inc\NXP\LP
C17xx --predefine="__EVAL SETA 1" --list=.\Q1.lst "LAB2-DATA TRANSFER PROGRAM\Q
1.s"



ARM Macro Assembler    Page 1 Alphabetic symbol ordering
Relocatable symbols

RESET 00000000

Symbol: RESET
   Definitions
      At line 1 in file LAB2-DATA
   Uses
      None
Comment: RESET unused
__Vectors 00000000

Symbol: __Vectors
   Definitions
      At line 3 in file LAB2-DATA
   Uses
      At line 2 in file LAB2-DATA
Comment: __Vectors used once
2 symbols



ARM Macro Assembler    Page 1 Alphabetic symbol ordering
Relocatable symbols

Reset_Handler 00000000

Symbol: Reset_Handler
   Definitions
      At line 11 in file LAB2-DATA
   Uses
      At line 5 in file LAB2-DATA
      At line 9 in file LAB2-DATA

SRC 00000018

Symbol: SRC
   Definitions
      At line 25 in file LAB2-DATA
   Uses
      At line 12 in file LAB2-DATA
Comment: SRC used once
STOP 00000014

Symbol: STOP
   Definitions
      At line 21 in file LAB2-DATA
   Uses
      At line 22 in file LAB2-DATA
Comment: STOP used once
UP 00000008

Symbol: UP
   Definitions
      At line 16 in file LAB2-DATA
   Uses
      At line 20 in file LAB2-DATA
Comment: UP used once
mycode 00000000

Symbol: mycode
   Definitions
      At line 7 in file LAB2-DATA
   Uses
      None
Comment: mycode unused
5 symbols



ARM Macro Assembler    Page 1 Alphabetic symbol ordering
Relocatable symbols

DST 00000000

Symbol: DST
   Definitions
      At line 27 in file LAB2-DATA
   Uses
      At line 13 in file LAB2-DATA
Comment: DST used once
data 00000000

Symbol: data
   Definitions
      At line 26 in file LAB2-DATA
   Uses
      None
Comment: data unused
2 symbols
342 symbols in table
