


ARM Macro Assembler    Page 1 


    1 00000000                 AREA             RESET, DATA, READONLY
    2 00000000                 EXPORT           __Vectors
    3 00000000         __Vectors
    4 00000000 10000000        DCD              0x10000000
    5 00000004 00000000        DCD              Reset_Handler
    6 00000008                 ALIGN
    7 00000008                 AREA             mycode, CODE, READONLY
    8 00000000                 ENTRY
    9 00000000                 EXPORT           Reset_Handler
   10 00000000         
   11 00000000         Reset_Handler
   12 00000000 4810            LDR              R0, =SRC    ; Load the address 
                                                            of SRC into R0
   13 00000002 4911            LDR              R1, =DST    ; Load the address 
                                                            of DST into R1
   14 00000004 F04F 020A       MOV              R2, #10     ; R2 will be used a
                                                            s a counter, there 
                                                            are 10 elements to 
                                                            reverse
   15 00000008 F100 0024       ADD              R0, #36     ; Point R0 to the l
                                                            ast element in SRC 
                                                            (36 bytes ahead)
   16 0000000C         
   17 0000000C         UP
   18 0000000C F850 3904       LDR              R3, [R0], #-4 ; Load the value 
                                                            from SRC into R3 an
                                                            d decrement R0 by 4
                                                             (moving backward)
   19 00000010 F841 3B04       STR              R3, [R1], #4 ; Store the value 
                                                            in DST and incremen
                                                            t R1 by 4 (moving f
                                                            orward)
   20 00000014 1E52            SUBS             R2, R2, #1  ; Decrement the cou
                                                            nter
   21 00000016 D1F9            BNE              UP          ; Repeat until all 
                                                            elements are revers
                                                            ed
   22 00000018         
   23 00000018         STOP
   24 00000018 E7FE            B                STOP        ; Infinite loop to 
                                                            stop execution
   25 0000001A         
   26 0000001A 00 00 11111111 
              22222222 
              33333333 
              44444444 
              55555555 
              66666666 
              77777777 
              88888888 
              99999999 
              AAAAAAAA SRC     DCD              0X11111111, 0X22222222, 0X33333
333, 0X44444444, 0X55555555, 0X66666666, 0X77777777, 0X88888888, 0X99999999, 0X
AAAAAAAA
   27 00000044         
   28 00000044 00000000 
              00000000         AREA             data, DATA, READWRITE
   29 00000000 00000000 
              00000000 



ARM Macro Assembler    Page 2 


              00000000 
              00000000 
              00000000 
              00000000 
              00000000 
              00000000 
              00000000 
              00000000 DST     DCD              0, 0, 0, 0, 0, 0, 0, 0, 0, 0
   30 00000028         
   31 00000028                 END
Command Line: --debug --xref --cpu=Cortex-M3 --apcs=interwork --depend=Q2.d -oQ
2.o -IC:\Keil\ARM\RV31\INC -IC:\Keil\ARM\CMSIS\Include -IC:\Keil\ARM\Inc\NXP\LP
C17xx --predefine="__EVAL SETA 1" --list=Q2.lst Q2.s



ARM Macro Assembler    Page 1 Alphabetic symbol ordering
Relocatable symbols

RESET 00000000

Symbol: RESET
   Definitions
      At line 1 in file Q2.s
   Uses
      None
Comment: RESET unused
__Vectors 00000000

Symbol: __Vectors
   Definitions
      At line 3 in file Q2.s
   Uses
      At line 2 in file Q2.s
Comment: __Vectors used once
2 symbols



ARM Macro Assembler    Page 1 Alphabetic symbol ordering
Relocatable symbols

Reset_Handler 00000000

Symbol: Reset_Handler
   Definitions
      At line 11 in file Q2.s
   Uses
      At line 5 in file Q2.s
      At line 9 in file Q2.s

SRC 0000001C

Symbol: SRC
   Definitions
      At line 26 in file Q2.s
   Uses
      At line 12 in file Q2.s
Comment: SRC used once
STOP 00000018

Symbol: STOP
   Definitions
      At line 23 in file Q2.s
   Uses
      At line 24 in file Q2.s
Comment: STOP used once
UP 0000000C

Symbol: UP
   Definitions
      At line 17 in file Q2.s
   Uses
      At line 21 in file Q2.s
Comment: UP used once
mycode 00000000

Symbol: mycode
   Definitions
      At line 7 in file Q2.s
   Uses
      None
Comment: mycode unused
5 symbols



ARM Macro Assembler    Page 1 Alphabetic symbol ordering
Relocatable symbols

DST 00000000

Symbol: DST
   Definitions
      At line 29 in file Q2.s
   Uses
      At line 13 in file Q2.s
Comment: DST used once
data 00000000

Symbol: data
   Definitions
      At line 28 in file Q2.s
   Uses
      None
Comment: data unused
2 symbols
342 symbols in table
