


ARM Macro Assembler    Page 1 


    1 00000000                 AREA             RESET,DATA,READONLY
    2 00000000                 EXPORT           __Vectors
    3 00000000         __Vectors
    4 00000000 10000000        DCD              0x10000000
    5 00000004 00000000        DCD              Reset_Handler
    6 00000008                 ALIGN
    7 00000008                 AREA             mycode,CODE,READONLY
    8 00000000                 ENTRY
    9 00000000                 EXPORT           Reset_Handler
   10 00000000         
   11 00000000         Reset_Handler
   12 00000000 4812            LDR              R0,=SRC
   13 00000002 4913            LDR              R1,=DST
   14 00000004 F04F 040A       MOV              R4,#10
   15 00000008 F04F 0600       LDR              R6,=0X0
   16 0000000C         
   17 0000000C F850 2B04 
                       UP      LDR              R2,[R0],#4
   18 00000010 189B            ADDS             R3,R2
   19 00000012         
   20 00000012 F146 0601       ADC              R6,#01
   21 00000016         
   22 00000016 3C01            SUBS             R4,#1
   23 00000018         
   24 00000018 D1F8            BNE              UP
   25 0000001A F841 6B04       STR              R6,[R1],#4
   26 0000001E 600B            STR              R3,[R1]
   27 00000020         
   28 00000020         STOP
   29 00000020 E7FE            B                STOP
   30 00000022         
   31 00000022         
   32 00000022 00 00 11111111 
              22222222 
              33333333 
              44444444 
              55555555 
              66666666 
              77777777 
              88888888 
              99999999 
              AAAAAAAA SRC     DCD              0X11111111,0X22222222,0X3333333
3,0X44444444,0X55555555,0X66666666,0X77777777,0X88888888,0X99999999,0XAAAAAAAA
   33 0000004C 00000000 
              00000000         AREA             data,DATA,READWRITE
   34 00000000 00000000 
              00000000 
              00000000 
              00000000 
              00000000 
              00000000 
              00000000 
              00000000 
              00000000 
              00000000 DST     DCD              0,0,0,0,0,0,0,0,0,0
   35 00000028                 END
Command Line: --debug --xref --cpu=Cortex-M3 --apcs=interwork --depend=ADD32BIT
.d -oADD32BIT.o -IC:\Keil\ARM\RV31\INC -IC:\Keil\ARM\CMSIS\Include -IC:\Keil\AR
M\Inc\NXP\LPC17xx --predefine="__EVAL SETA 1" --list=ADD32BIT.lst ADD32BIT.s



ARM Macro Assembler    Page 1 Alphabetic symbol ordering
Relocatable symbols

RESET 00000000

Symbol: RESET
   Definitions
      At line 1 in file ADD32BIT.s
   Uses
      None
Comment: RESET unused
__Vectors 00000000

Symbol: __Vectors
   Definitions
      At line 3 in file ADD32BIT.s
   Uses
      At line 2 in file ADD32BIT.s
Comment: __Vectors used once
2 symbols



ARM Macro Assembler    Page 1 Alphabetic symbol ordering
Relocatable symbols

Reset_Handler 00000000

Symbol: Reset_Handler
   Definitions
      At line 11 in file ADD32BIT.s
   Uses
      At line 5 in file ADD32BIT.s
      At line 9 in file ADD32BIT.s

SRC 00000024

Symbol: SRC
   Definitions
      At line 32 in file ADD32BIT.s
   Uses
      At line 12 in file ADD32BIT.s
Comment: SRC used once
STOP 00000020

Symbol: STOP
   Definitions
      At line 28 in file ADD32BIT.s
   Uses
      At line 29 in file ADD32BIT.s
Comment: STOP used once
UP 0000000C

Symbol: UP
   Definitions
      At line 17 in file ADD32BIT.s
   Uses
      At line 24 in file ADD32BIT.s
Comment: UP used once
mycode 00000000

Symbol: mycode
   Definitions
      At line 7 in file ADD32BIT.s
   Uses
      None
Comment: mycode unused
5 symbols



ARM Macro Assembler    Page 1 Alphabetic symbol ordering
Relocatable symbols

DST 00000000

Symbol: DST
   Definitions
      At line 34 in file ADD32BIT.s
   Uses
      At line 13 in file ADD32BIT.s
Comment: DST used once
data 00000000

Symbol: data
   Definitions
      At line 33 in file ADD32BIT.s
   Uses
      None
Comment: data unused
2 symbols
342 symbols in table
