


ARM Macro Assembler    Page 1 


    1 00000000                 AREA             RESET, DATA, READONLY
    2 00000000         
    3 00000000                 EXPORT           __Vectors
    4 00000000         
    5 00000000         __Vectors
    6 00000000         
    7 00000000 10000100        DCD              0x10000100  ;stack pointer valu
                                                            e when stack is emp
                                                            ty
    8 00000004 00000000        DCD              Reset_Handler ; reset vecto
    9 00000008                 ALIGN
   10 00000008                 AREA             mycode, CODE, READONLY
   11 00000000                 ENTRY
   12 00000000                 EXPORT           Reset_Handler
   13 00000000         
   14 00000000         Reset_Handler
   15 00000000         
   16 00000000 F04F 0001       LDR              R0,=0x1
   17 00000004 490D            LDR              R1,=N1
   18 00000006 4A0E            LDR              R2,=N2
   19 00000008 4F0E            LDR              R7,=LCM
   20 0000000A 6809            LDR              R1,[R1]
   21 0000000C 6812            LDR              R2,[R2]
   22 0000000E         
   23 0000000E FB01 F100 
                       BACK    MUL              R1,R0
   24 00000012 460D            MOV              R5,R1
   25 00000014         
   26 00000014 4295    LOOP    CMP              R5,R2
   27 00000016 D302            BLO              EXIT1
   28 00000018 EBA5 0502       SUB              R5,R2
   29 0000001C D2FA            BHS              LOOP
   30 0000001E         
   31 0000001E         EXIT1
   32 0000001E 462E            MOV              R6,R5
   33 00000020 2E00            CMP              R6,#0x0
   34 00000022 D002            BEQ              EXIT2
   35 00000024 F100 0001       ADD              R0,#0x1
   36 00000028 D1F1            BNE              BACK
   37 0000002A         
   38 0000002A 6039    EXIT2   STR              R1,[R7]
   39 0000002C         
   40 0000002C E7FE    STOP    B                STOP
   41 0000002E         
   42 0000002E 00 00 00000005 
                       N1      DCD              0x5
   43 00000034 00000002 
                       N2      DCD              0x2
   44 00000038 00000000 
                       REM     DCD              0x0
   45 0000003C 00000000 
              00000000 
              00000000         AREA             data, DATA, READWRITE
   46 00000000         
   47 00000000 00000000 
                       LCM     DCD              0
   48 00000004         
   49 00000004                 END
Command Line: --debug --xref --cpu=Cortex-M3 --apcs=interwork --depend=lcm.d -o



ARM Macro Assembler    Page 2 


lcm.o -IC:\Keil\ARM\RV31\INC -IC:\Keil\ARM\CMSIS\Include -IC:\Keil\ARM\Inc\NXP\
LPC17xx --predefine="__EVAL SETA 1" --list=lcm.lst lcm.s



ARM Macro Assembler    Page 1 Alphabetic symbol ordering
Relocatable symbols

RESET 00000000

Symbol: RESET
   Definitions
      At line 1 in file lcm.s
   Uses
      None
Comment: RESET unused
__Vectors 00000000

Symbol: __Vectors
   Definitions
      At line 5 in file lcm.s
   Uses
      At line 3 in file lcm.s
Comment: __Vectors used once
2 symbols



ARM Macro Assembler    Page 1 Alphabetic symbol ordering
Relocatable symbols

BACK 0000000E

Symbol: BACK
   Definitions
      At line 23 in file lcm.s
   Uses
      At line 36 in file lcm.s
Comment: BACK used once
EXIT1 0000001E

Symbol: EXIT1
   Definitions
      At line 31 in file lcm.s
   Uses
      At line 27 in file lcm.s
Comment: EXIT1 used once
EXIT2 0000002A

Symbol: EXIT2
   Definitions
      At line 38 in file lcm.s
   Uses
      At line 34 in file lcm.s
Comment: EXIT2 used once
LOOP 00000014

Symbol: LOOP
   Definitions
      At line 26 in file lcm.s
   Uses
      At line 29 in file lcm.s
Comment: LOOP used once
N1 00000030

Symbol: N1
   Definitions
      At line 42 in file lcm.s
   Uses
      At line 17 in file lcm.s
Comment: N1 used once
N2 00000034

Symbol: N2
   Definitions
      At line 43 in file lcm.s
   Uses
      At line 18 in file lcm.s
Comment: N2 used once
REM 00000038

Symbol: REM
   Definitions
      At line 44 in file lcm.s
   Uses
      None
Comment: REM unused
Reset_Handler 00000000

Symbol: Reset_Handler



ARM Macro Assembler    Page 2 Alphabetic symbol ordering
Relocatable symbols

   Definitions
      At line 14 in file lcm.s
   Uses
      At line 8 in file lcm.s
      At line 12 in file lcm.s

STOP 0000002C

Symbol: STOP
   Definitions
      At line 40 in file lcm.s
   Uses
      At line 40 in file lcm.s
Comment: STOP used once
mycode 00000000

Symbol: mycode
   Definitions
      At line 10 in file lcm.s
   Uses
      None
Comment: mycode unused
10 symbols



ARM Macro Assembler    Page 1 Alphabetic symbol ordering
Relocatable symbols

LCM 00000000

Symbol: LCM
   Definitions
      At line 47 in file lcm.s
   Uses
      At line 19 in file lcm.s
Comment: LCM used once
data 00000000

Symbol: data
   Definitions
      At line 45 in file lcm.s
   Uses
      None
Comment: data unused
2 symbols
347 symbols in table
