


ARM Macro Assembler    Page 1 


    1 00000000                 AREA             RESET,DATA,READONLY
    2 00000000                 EXPORT           __Vectors
    3 00000000         __Vectors
    4 00000000 10001000        DCD              0X10001000
    5 00000004 00000000        DCD              Reset_Handler
    6 00000008                 ALIGN
    7 00000008                 AREA             mycode,CODE,READONLY
    8 00000000                 ENTRY
    9 00000000                 EXPORT           Reset_Handler
   10 00000000         Reset_Handler
   11 00000000 4803            LDR              R0,=NUM
   12 00000002 4904            LDR              R1,=(NUM+1)
   13 00000004 FB00 F201       MUL              R2,R0,R1
   14 00000008 EA4F 0252       LSR              R2,#1
   15 0000000C         
   16 0000000C E7FE    STOP    B                STOP
   17 0000000E 0000000A 
                       NUM     EQU              10
   18 0000000E 00 00 0000000A 
              0000000B         AREA             mydata,DATA,READWRITE
   19 00000000         
   20 00000000                 END
Command Line: --debug --xref --cpu=Cortex-M3 --apcs=interwork --depend=sumn.d -
osumn.o -IC:\Keil\ARM\RV31\INC -IC:\Keil\ARM\CMSIS\Include -IC:\Keil\ARM\Inc\NX
P\LPC17xx --predefine="__EVAL SETA 1" --list=sumn.lst sumn.s



ARM Macro Assembler    Page 1 Alphabetic symbol ordering
Relocatable symbols

RESET 00000000

Symbol: RESET
   Definitions
      At line 1 in file sumn.s
   Uses
      None
Comment: RESET unused
__Vectors 00000000

Symbol: __Vectors
   Definitions
      At line 3 in file sumn.s
   Uses
      At line 2 in file sumn.s
Comment: __Vectors used once
2 symbols



ARM Macro Assembler    Page 1 Alphabetic symbol ordering
Relocatable symbols

Reset_Handler 00000000

Symbol: Reset_Handler
   Definitions
      At line 10 in file sumn.s
   Uses
      At line 5 in file sumn.s
      At line 9 in file sumn.s

STOP 0000000C

Symbol: STOP
   Definitions
      At line 16 in file sumn.s
   Uses
      At line 16 in file sumn.s
Comment: STOP used once
mycode 00000000

Symbol: mycode
   Definitions
      At line 7 in file sumn.s
   Uses
      None
Comment: mycode unused
3 symbols



ARM Macro Assembler    Page 1 Alphabetic symbol ordering
Relocatable symbols

mydata 00000000

Symbol: mydata
   Definitions
      At line 18 in file sumn.s
   Uses
      None
Comment: mydata unused
1 symbol



ARM Macro Assembler    Page 1 Alphabetic symbol ordering
Absolute symbols

NUM 0000000A

Symbol: NUM
   Definitions
      At line 17 in file sumn.s
   Uses
      At line 11 in file sumn.s
      At line 12 in file sumn.s

1 symbol
340 symbols in table
