


ARM Macro Assembler    Page 1 


    1 00000000                 AREA             RESET,DATA,READONLY
    2 00000000                 EXPORT           __Vectors
    3 00000000         __Vectors
    4 00000000 10001000        DCD              0X10001000
    5 00000004 00000000        DCD              Reset_Handler
    6 00000008                 ALIGN
    7 00000008                 AREA             mycode,CODE,READONLY
    8 00000000                 ENTRY
    9 00000000                 EXPORT           Reset_Handler
   10 00000000         Reset_Handler
   11 00000000 4818            LDR              R0,=SRC     ; Load the address 
                                                            of SRC array
   12 00000002 4A19            LDR              R2,=VAL     ; Load the address 
                                                            of VAL
   13 00000004 F8DF 8064       LDR              R8,=DST
   14 00000008 6813            LDR              R3,[R2]     ; Load the value in
                                                             VAL into R3
   15 0000000A F04F 0908       MOV              R9,#8       ; Initialize the lo
                                                            op counter for 8 el
                                                            ements
   16 0000000E F04F 3AFF       LDR              R10,=0XFFFFFFFF ; Load R10 with
                                                             the value 0xFFFFFF
                                                            FF
   17 00000012         
   18 00000012         ; Copy SRC to DST
   19 00000012         LP1
   20 00000012 F850 4B04       LDR              R4,[R0],#4
   21 00000016 F848 4B04       STR              R4,[R8],#4
   22 0000001A F1B9 0901       SUBS             R9,#1
   23 0000001E D1F8            BNE              LP1
   24 00000020         
   25 00000020         ; Search for the value in DST
   26 00000020 F04F 0608       MOV              R6,#8
   27 00000024 4811            LDR              R0,=DST
   28 00000026         LP2
   29 00000026 F850 5B04       LDR              R5,[R0],#4
   30 0000002A 42AB            CMP              R3,R5
   31 0000002C D004            BEQ              FOUND
   32 0000002E 3E01            SUBS             R6,#1
   33 00000030 D1F9            BNE              LP2
   34 00000032         
   35 00000032         ; If not found, add the value at the end
   36 00000032 F8C8 3000       STR              R3,[R8]
   37 00000036 E001            B                STOP
   38 00000038         
   39 00000038         FOUND
   40 00000038         ; If found, add 0xFFFFFFFF at the end
   41 00000038 F8C8 A000       STR              R10,[R8]
   42 0000003C         
   43 0000003C         STOP
   44 0000003C E7FE            B                STOP
   45 0000003E         
   46 0000003E 00 00 00000005 
              00000002 
              00000007 
              00000009 
              0000000B 
              00000001 
              00000003 



ARM Macro Assembler    Page 2 


              00000004 SRC     DCD              0X5,0X2,0X7,0X9,0XB,0X1,0X3,0X4
   47 00000060 00000003 
                       VAL     DCD              0X3
   48 00000064 00000000 
              00000000 
              00000000 
              00000000         AREA             mydata,DATA,READWRITE
   49 00000000 00000000 
              00000000 
              00000000 
              00000000 
              00000000 
              00000000 
              00000000 
              00000000 
              00000000 DST     DCD              0,0,0,0,0,0,0,0,0 ; Increase si
                                                            ze to accommodate t
                                                            he additional eleme
                                                            nt
   50 00000024                 END
Command Line: --debug --xref --cpu=Cortex-M3 --apcs=interwork --depend=SEARCH.d
 -oSEARCH.o -IC:\Keil\ARM\RV31\INC -IC:\Keil\ARM\CMSIS\Include -IC:\Keil\ARM\In
c\NXP\LPC17xx --predefine="__EVAL SETA 1" --list=SEARCH.lst SEARCH.s



ARM Macro Assembler    Page 1 Alphabetic symbol ordering
Relocatable symbols

RESET 00000000

Symbol: RESET
   Definitions
      At line 1 in file SEARCH.s
   Uses
      None
Comment: RESET unused
__Vectors 00000000

Symbol: __Vectors
   Definitions
      At line 3 in file SEARCH.s
   Uses
      At line 2 in file SEARCH.s
Comment: __Vectors used once
2 symbols



ARM Macro Assembler    Page 1 Alphabetic symbol ordering
Relocatable symbols

FOUND 00000038

Symbol: FOUND
   Definitions
      At line 39 in file SEARCH.s
   Uses
      At line 31 in file SEARCH.s
Comment: FOUND used once
LP1 00000012

Symbol: LP1
   Definitions
      At line 19 in file SEARCH.s
   Uses
      At line 23 in file SEARCH.s
Comment: LP1 used once
LP2 00000026

Symbol: LP2
   Definitions
      At line 28 in file SEARCH.s
   Uses
      At line 33 in file SEARCH.s
Comment: LP2 used once
Reset_Handler 00000000

Symbol: Reset_Handler
   Definitions
      At line 10 in file SEARCH.s
   Uses
      At line 5 in file SEARCH.s
      At line 9 in file SEARCH.s

SRC 00000040

Symbol: SRC
   Definitions
      At line 46 in file SEARCH.s
   Uses
      At line 11 in file SEARCH.s
Comment: SRC used once
STOP 0000003C

Symbol: STOP
   Definitions
      At line 43 in file SEARCH.s
   Uses
      At line 37 in file SEARCH.s
      At line 44 in file SEARCH.s

VAL 00000060

Symbol: VAL
   Definitions
      At line 47 in file SEARCH.s
   Uses
      At line 12 in file SEARCH.s
Comment: VAL used once
mycode 00000000



ARM Macro Assembler    Page 2 Alphabetic symbol ordering
Relocatable symbols


Symbol: mycode
   Definitions
      At line 7 in file SEARCH.s
   Uses
      None
Comment: mycode unused
8 symbols



ARM Macro Assembler    Page 1 Alphabetic symbol ordering
Relocatable symbols

DST 00000000

Symbol: DST
   Definitions
      At line 49 in file SEARCH.s
   Uses
      At line 13 in file SEARCH.s
      At line 27 in file SEARCH.s

mydata 00000000

Symbol: mydata
   Definitions
      At line 48 in file SEARCH.s
   Uses
      None
Comment: mydata unused
2 symbols
345 symbols in table
